<?xml version="1.0" encoding="UTF-8"?>
<!-- Generated by org.testng.reporters.JUnitReportReporter -->
<testsuite hostname="AMM-TSME-219JK6" failures="0" tests="1" name="careApp.doctorInvalidLogin" time="11.578" errors="0" timestamp="2024-07-29T08:55:21 EET" skipped="0">
  <testcase classname="careApp.doctorInvalidLogin" name="doctorFillInvalidData" time="11.578"/>
  <system-out/>
</testsuite> <!-- careApp.doctorInvalidLogin -->
