<?xml version="1.0" encoding="UTF-8"?>
<!-- Generated by org.testng.reporters.JUnitReportReporter -->
<testsuite hostname="AMM-TSME-219JK6" failures="0" tests="1" name="careApp.doctorLogin" time="0.000" errors="0" timestamp="2024-07-29T08:47:57 EET" skipped="1">
  <testcase classname="careApp.doctorLogin" name="DoctorLogin" time="0.000">
    <skipped/>
  </testcase> <!-- DoctorLogin -->
  <system-out/>
</testsuite> <!-- careApp.doctorLogin -->
