<?xml version="1.0" encoding="UTF-8"?>
<!-- Generated by org.testng.reporters.JUnitReportReporter -->
<testsuite hostname="AMM-TSME-219JK6" failures="0" tests="1" name="careApp.resetPassword" time="36.388" errors="0" timestamp="2024-07-29T08:47:57 EET" skipped="0">
  <testcase classname="careApp.resetPassword" name="patientResetPassword" time="36.388"/>
  <system-out/>
</testsuite> <!-- careApp.resetPassword -->
