<?xml version="1.0" encoding="UTF-8"?>
<!-- Generated by org.testng.reporters.JUnitReportReporter -->
<testsuite hostname="AMM-TSME-219JK6" failures="0" tests="1" name="careApp.doctorsearchforPatients" time="23.775" errors="0" timestamp="2024-07-29T08:53:43 EET" skipped="0">
  <testcase classname="careApp.doctorsearchforPatients" name="doctorsearchforPatients" time="23.775"/>
  <system-out/>
</testsuite> <!-- careApp.doctorsearchforPatients -->
